Reading netlist file: "Z:\FPGA\projects\adder\impl\gwsynthesis\adder.vg"
Parsing netlist file "Z:\FPGA\projects\adder\impl\gwsynthesis\adder.vg" completed
Processing netlist completed
Reading constraint file: "Z:\FPGA\projects\adder\src\adder.cst"
Physical Constraint parsed completed
Running placement......
[10%] Placement Phase 0 completed
[20%] Placement Phase 1 completed
[30%] Placement Phase 2 completed
[50%] Placement Phase 3 completed
Running routing......
[60%] Routing Phase 0 completed
[70%] Routing Phase 1 completed
[80%] Routing Phase 2 completed
[90%] Routing Phase 3 completed
Running timing analysis......
[95%] Timing analysis completed
Placement and routing completed
Bitstream generation in progress......
Bitstream generation completed
Running power analysis......
[100%] Power analysis completed
Generate file "Z:\FPGA\projects\adder\impl\pnr\adder.power.html" completed
Generate file "Z:\FPGA\projects\adder\impl\pnr\adder.pin.html" completed
Generate file "Z:\FPGA\projects\adder\impl\pnr\adder.rpt.html" completed
Generate file "Z:\FPGA\projects\adder\impl\pnr\adder.rpt.txt" completed
Generate file "Z:\FPGA\projects\adder\impl\pnr\adder.tr.html" completed
Mon Oct 02 01:57:37 2023

