Reading netlist file: "Z:\FPGA\projects\led\impl\gwsynthesis\led.vg"
Parsing netlist file "Z:\FPGA\projects\led\impl\gwsynthesis\led.vg" completed
Processing netlist completed
Reading constraint file: "Z:\FPGA\projects\led\src\led.cst"
Physical Constraint parsed completed
Running placement......
[10%] Placement Phase 0 completed
[20%] Placement Phase 1 completed
[30%] Placement Phase 2 completed
[50%] Placement Phase 3 completed
Running routing......
[60%] Routing Phase 0 completed
[70%] Routing Phase 1 completed
[80%] Routing Phase 2 completed
[90%] Routing Phase 3 completed
Running timing analysis......
[95%] Timing analysis completed
Placement and routing completed
Bitstream generation in progress......
Bitstream generation completed
Running power analysis......
[100%] Power analysis completed
Generate file "Z:\FPGA\projects\led\impl\pnr\led.power.html" completed
Generate file "Z:\FPGA\projects\led\impl\pnr\led.pin.html" completed
Generate file "Z:\FPGA\projects\led\impl\pnr\led.rpt.html" completed
Generate file "Z:\FPGA\projects\led\impl\pnr\led.rpt.txt" completed
Generate file "Z:\FPGA\projects\led\impl\pnr\led.tr.html" completed
Fri Sep 29 22:45:16 2023

